{
  "RSpec": {
    "coverage": {
      "/Users/alirezaandersen/turing/module3/week4/rails_engine/app/helpers/application_helper.rb": [
        1,
        null
      ],
      "/Users/alirezaandersen/turing/module3/week4/rails_engine/app/controllers/api/v1/customers/customers_controller.rb": [
        1,
        1,
        1,
        1,
        null,
        1,
        2,
        null,
        null,
        1,
        1,
        null,
        null,
        1,
        1,
        null,
        null,
        1,
        3,
        null,
        null,
        1,
        1,
        null,
        null,
        1,
        null,
        1,
        4,
        null,
        null,
        null,
        null,
        null
      ],
      "/Users/alirezaandersen/turing/module3/week4/rails_engine/app/controllers/api/api_controller.rb": [
        1,
        1,
        1,
        1,
        null,
        null
      ],
      "/Users/alirezaandersen/turing/module3/week4/rails_engine/app/controllers/application_controller.rb": [
        1,
        null,
        null,
        1,
        null
      ],
      "/Users/alirezaandersen/turing/module3/week4/rails_engine/app/controllers/api/v1/customers/customer_invoices_controller.rb": [
        1,
        1,
        1,
        1,
        null,
        1,
        1,
        null,
        null,
        null,
        null,
        null
      ],
      "/Users/alirezaandersen/turing/module3/week4/rails_engine/app/controllers/api/v1/customers/customer_transactions_controller.rb": [
        1,
        1,
        1,
        1,
        null,
        1,
        1,
        null,
        null,
        null,
        null,
        null
      ],
      "/Users/alirezaandersen/turing/module3/week4/rails_engine/app/controllers/api/v1/customers/customers_favorite_merchant_controller.rb": [
        1,
        1,
        1,
        1,
        null,
        1,
        1,
        null,
        null,
        null,
        null,
        null,
        null
      ],
      "/Users/alirezaandersen/turing/module3/week4/rails_engine/app/controllers/api/v1/invoice_items/invoice_items_controller.rb": [
        1,
        1,
        1,
        1,
        null,
        1,
        1,
        null,
        null,
        1,
        1,
        null,
        null,
        1,
        1,
        null,
        null,
        1,
        1,
        null,
        null,
        1,
        1,
        null,
        null,
        1,
        null,
        1,
        2,
        null,
        null,
        null,
        null,
        null
      ],
      "/Users/alirezaandersen/turing/module3/week4/rails_engine/app/controllers/api/v1/invoice_items/invoice_items_invoices_controller.rb": [
        1,
        1,
        1,
        1,
        null,
        1,
        1,
        null,
        null,
        null,
        null,
        null,
        null
      ],
      "/Users/alirezaandersen/turing/module3/week4/rails_engine/app/controllers/api/v1/invoice_items/invoice_items_items_controller.rb": [
        1,
        1,
        1,
        1,
        null,
        1,
        1,
        null,
        null,
        null,
        null,
        null,
        null
      ],
      "/Users/alirezaandersen/turing/module3/week4/rails_engine/app/controllers/api/v1/invoices/invoices_controller.rb": [
        1,
        1,
        1,
        1,
        null,
        1,
        1,
        null,
        null,
        1,
        1,
        null,
        null,
        1,
        1,
        null,
        null,
        1,
        null,
        1,
        null,
        null,
        1,
        1,
        null,
        null,
        1,
        null,
        1,
        2,
        null,
        null,
        null,
        null,
        null
      ],
      "/Users/alirezaandersen/turing/module3/week4/rails_engine/app/controllers/api/v1/invoices/invoices_customers_controller.rb": [
        1,
        1,
        1,
        1,
        null,
        1,
        1,
        null,
        null,
        null,
        null,
        null,
        null
      ],
      "/Users/alirezaandersen/turing/module3/week4/rails_engine/app/controllers/api/v1/invoices/invoices_invoice_items_controller.rb": [
        1,
        1,
        1,
        1,
        null,
        1,
        1,
        null,
        null,
        null,
        null,
        null,
        null
      ],
      "/Users/alirezaandersen/turing/module3/week4/rails_engine/app/controllers/api/v1/invoices/invoices_items_controller.rb": [
        1,
        1,
        1,
        1,
        null,
        1,
        1,
        null,
        null,
        null,
        null,
        null,
        null
      ],
      "/Users/alirezaandersen/turing/module3/week4/rails_engine/app/controllers/api/v1/invoices/invoices_merchants_controller.rb": [
        1,
        1,
        1,
        1,
        null,
        1,
        1,
        null,
        null,
        null,
        null,
        null,
        null
      ],
      "/Users/alirezaandersen/turing/module3/week4/rails_engine/app/controllers/api/v1/invoices/invoices_transactions_controller.rb": [
        1,
        1,
        1,
        1,
        null,
        1,
        1,
        null,
        null,
        null,
        null,
        null,
        null
      ],
      "/Users/alirezaandersen/turing/module3/week4/rails_engine/app/controllers/api/v1/items/items_controller.rb": [
        1,
        1,
        1,
        1,
        null,
        1,
        1,
        null,
        null,
        1,
        1,
        null,
        null,
        1,
        1,
        null,
        null,
        1,
        1,
        null,
        null,
        1,
        1,
        null,
        null,
        1,
        null,
        1,
        2,
        null,
        null,
        null,
        null,
        null
      ],
      "/Users/alirezaandersen/turing/module3/week4/rails_engine/app/controllers/api/v1/items/items_invoice_items_controller.rb": [
        1,
        1,
        1,
        1,
        null,
        1,
        1,
        null,
        null,
        null,
        null,
        null,
        null
      ],
      "/Users/alirezaandersen/turing/module3/week4/rails_engine/app/controllers/api/v1/items/items_merchants_controller.rb": [
        1,
        1,
        1,
        1,
        null,
        1,
        1,
        null,
        null,
        null,
        null,
        null
      ],
      "/Users/alirezaandersen/turing/module3/week4/rails_engine/app/controllers/api/v1/items/items_most_items_controller.rb": [
        1,
        1,
        1,
        1,
        null,
        null,
        1,
        1,
        null,
        null,
        null,
        null,
        null
      ],
      "/Users/alirezaandersen/turing/module3/week4/rails_engine/app/controllers/api/v1/items/items_most_revenue_controller.rb": [
        1,
        1,
        1,
        1,
        null,
        null,
        1,
        1,
        null,
        null,
        null,
        null,
        null
      ],
      "/Users/alirezaandersen/turing/module3/week4/rails_engine/app/controllers/api/v1/merchants/merchant_customers_with_pending_invoices_controller.rb": [
        1,
        1,
        1,
        1,
        null,
        1,
        1,
        null,
        null,
        null,
        null,
        null
      ],
      "/Users/alirezaandersen/turing/module3/week4/rails_engine/app/controllers/api/v1/merchants/merchant_invoices_controller.rb": [
        1,
        1,
        1,
        1,
        null,
        1,
        1,
        null,
        null,
        null,
        null,
        null,
        null
      ],
      "/Users/alirezaandersen/turing/module3/week4/rails_engine/app/controllers/api/v1/merchants/merchant_items_controller.rb": [
        1,
        1,
        1,
        1,
        null,
        1,
        1,
        null,
        null,
        null,
        null,
        null,
        null
      ],
      "/Users/alirezaandersen/turing/module3/week4/rails_engine/app/controllers/api/v1/merchants/merchants_revenue_date_controller.rb": [
        1,
        1,
        1,
        1,
        null,
        null,
        1,
        2,
        null,
        null,
        null,
        null,
        null,
        null
      ],
      "/Users/alirezaandersen/turing/module3/week4/rails_engine/app/controllers/api/v1/merchants/merchants_controller.rb": [
        1,
        1,
        1,
        1,
        null,
        1,
        1,
        null,
        null,
        1,
        1,
        null,
        null,
        1,
        1,
        null,
        null,
        1,
        1,
        null,
        null,
        1,
        1,
        null,
        null,
        1,
        null,
        1,
        2,
        null,
        null,
        null,
        null,
        null
      ],
      "/Users/alirezaandersen/turing/module3/week4/rails_engine/app/controllers/api/v1/merchants/merchant_favorite_customer_controller.rb": [
        1,
        1,
        1,
        1,
        null,
        1,
        1,
        null,
        null,
        null,
        null,
        null
      ],
      "/Users/alirezaandersen/turing/module3/week4/rails_engine/app/controllers/api/v1/merchants/merchants_most_items_controller.rb": [
        1,
        1,
        1,
        1,
        null,
        null,
        1,
        1,
        null,
        null,
        null,
        null,
        null,
        null
      ],
      "/Users/alirezaandersen/turing/module3/week4/rails_engine/app/controllers/api/v1/merchants/merchants_most_revenue_controller.rb": [
        1,
        1,
        1,
        1,
        null,
        1,
        1,
        null,
        null,
        null,
        null,
        null
      ],
      "/Users/alirezaandersen/turing/module3/week4/rails_engine/app/controllers/api/v1/transactions/transaction_invoices_controller.rb": [
        1,
        1,
        1,
        1,
        null,
        1,
        1,
        null,
        null,
        null,
        null,
        null,
        null
      ],
      "/Users/alirezaandersen/turing/module3/week4/rails_engine/app/controllers/api/v1/transactions/transactions_controller.rb": [
        1,
        1,
        1,
        1,
        null,
        1,
        1,
        null,
        null,
        1,
        1,
        null,
        null,
        1,
        1,
        null,
        null,
        1,
        1,
        null,
        null,
        1,
        1,
        null,
        null,
        1,
        null,
        1,
        2,
        null,
        null,
        null,
        null,
        null
      ],
      "/Users/alirezaandersen/turing/module3/week4/rails_engine/app/models/customer.rb": [
        1,
        1,
        1,
        1,
        null,
        null,
        null,
        null,
        1,
        null,
        null,
        null,
        null,
        null,
        null,
        1,
        null,
        null,
        null,
        null,
        null
      ],
      "/Users/alirezaandersen/turing/module3/week4/rails_engine/app/models/invoice_item.rb": [
        1,
        1,
        1,
        null
      ],
      "/Users/alirezaandersen/turing/module3/week4/rails_engine/app/models/invoice.rb": [
        1,
        1,
        1,
        1,
        1,
        1,
        null
      ],
      "/Users/alirezaandersen/turing/module3/week4/rails_engine/app/models/item.rb": [
        1,
        1,
        1,
        1,
        null,
        1,
        null,
        null,
        null,
        null,
        1,
        null,
        null,
        null,
        1,
        null,
        null,
        null,
        null,
        null,
        1,
        null,
        null,
        null,
        1,
        null,
        null,
        null,
        null,
        1,
        null,
        null,
        null
      ],
      "/Users/alirezaandersen/turing/module3/week4/rails_engine/app/models/merchant.rb": [
        1,
        1,
        1,
        1,
        1,
        1,
        null,
        null,
        null,
        null,
        1,
        null,
        null,
        null,
        null,
        1,
        null,
        null,
        null,
        null,
        1,
        null,
        null,
        null,
        null,
        1,
        null,
        null,
        null,
        1,
        2,
        null,
        null,
        null,
        2,
        null,
        null,
        null,
        1,
        0,
        0,
        null,
        null,
        null,
        0,
        null,
        0,
        null,
        null,
        null,
        null,
        0,
        null,
        null,
        null,
        null,
        null,
        1,
        null,
        null,
        null,
        null,
        1,
        null,
        null,
        null,
        null,
        1,
        1,
        1,
        1,
        1,
        null,
        null,
        null
      ],
      "/Users/alirezaandersen/turing/module3/week4/rails_engine/app/models/transaction.rb": [
        1,
        1,
        null
      ],
      "/Users/alirezaandersen/turing/module3/week4/rails_engine/app/serializers/customer_serializer.rb": [
        1,
        1,
        null
      ],
      "/Users/alirezaandersen/turing/module3/week4/rails_engine/app/serializers/invoice_serializer.rb": [
        1,
        1,
        null
      ],
      "/Users/alirezaandersen/turing/module3/week4/rails_engine/app/serializers/transaction_serializer.rb": [
        1,
        1,
        null
      ],
      "/Users/alirezaandersen/turing/module3/week4/rails_engine/app/serializers/merchant_serializer.rb": [
        1,
        1,
        null
      ],
      "/Users/alirezaandersen/turing/module3/week4/rails_engine/app/serializers/invoice_item_serializer.rb": [
        1,
        1,
        null,
        null
      ],
      "/Users/alirezaandersen/turing/module3/week4/rails_engine/app/serializers/item_serializer.rb": [
        null,
        1,
        1,
        null,
        null,
        null
      ],
      "/Users/alirezaandersen/turing/module3/week4/rails_engine/app/controllers/api/v1/items/items_best_day_controller.rb": [
        0,
        0,
        0,
        0,
        0,
        0,
        0,
        0,
        0,
        0,
        0,
        0,
        0,
        0
      ],
      "/Users/alirezaandersen/turing/module3/week4/rails_engine/app/controllers/api/v1/merchants/merchant_revenues_controller.rb": [
        0,
        0,
        0,
        0,
        0,
        0,
        0,
        0,
        0,
        0,
        0,
        0,
        0,
        0,
        0,
        0,
        0
      ]
    },
    "timestamp": 1464948919
  }
}
